<html>
<head>
<title>TestNG:  FirefoxBrouser</title>
<link href="../testng.css" rel="stylesheet" type="text/css" />
<link href="../my-testng.css" rel="stylesheet" type="text/css" />

<style type="text/css">
.log { display: none;} 
.stack-trace { display: none;} 
</style>
<script type="text/javascript">
<!--
function flip(e) {
  current = e.style.display;
  if (current == 'block') {
    e.style.display = 'none';
    return 0;
  }
  else {
    e.style.display = 'block';
    return 1;
  }
}

function toggleBox(szDivId, elem, msg1, msg2)
{
  var res = -1;  if (document.getElementById) {
    res = flip(document.getElementById(szDivId));
  }
  else if (document.all) {
    // this is the way old msie versions work
    res = flip(document.all[szDivId]);
  }
  if(elem) {
    if(res == 0) elem.innerHTML = msg1; else elem.innerHTML = msg2;
  }

}

function toggleAllBoxes() {
  if (document.getElementsByTagName) {
    d = document.getElementsByTagName('div');
    for (i = 0; i < d.length; i++) {
      if (d[i].className == 'log') {
        flip(d[i]);
      }
    }
  }
}

// -->
</script>

</head>
<body>
<h2 align='center'>FirefoxBrouser</h2><table border='1' align="center">
<tr>
<td>Tests passed/Failed/Skipped:</td><td>17/2/0</td>
</tr><tr>
<td>Started on:</td><td>Tue Mar 07 15:00:23 IST 2023</td>
</tr>
<tr><td>Total time:</td><td>176 seconds (176351 ms)</td>
</tr><tr>
<td>Included groups:</td><td></td>
</tr><tr>
<td>Excluded groups:</td><td></td>
</tr>
</table><p/>
<small><i>(Hover the method name to see the test class name)</i></small><p/>
<table width='100%' border='1' class='invocation-failed'>
<tr><td colspan='4' align='center'><b>FAILED TESTS</b></td></tr>
<tr><td><b>Test method</b></td>
<td width="30%"><b>Exception</b></td>
<td width="10%"><b>Time (seconds)</b></td>
<td><b>Instance</b></td>
</tr>
<tr>
<td title='com.SauceDemo.Base.VerifyProductsAddToCartBackToProductBTN.addToCart()'><b>addToCart</b><br>Test class: com.SauceDemo.Base.VerifyProductsAddToCartBackToProductBTN</td>
<td><div><pre>org.openqa.selenium.ElementNotInteractableException: Element &lt;a id=&quot;item_0_title_link&quot; href=&quot;#&quot;&gt; could not be scrolled into view
Build info: version: &apos;3.141.59&apos;, revision: &apos;e82be7d358&apos;, time: &apos;2018-11-14T08:17:03&apos;
System info: host: &apos;DESKTOP-HO149AT&apos;, ip: &apos;192.168.1.5&apos;, os.name: &apos;Windows 11&apos;, os.arch: &apos;amd64&apos;, os.version: &apos;10.0&apos;, java.version: &apos;19&apos;
Driver info: org.openqa.selenium.firefox.FirefoxDriver
Capabilities {acceptInsecureCerts: true, browserName: firefox, browserVersion: 110.0.1, javascriptEnabled: true, moz:accessibilityChecks: false, moz:buildID: 20230227191043, moz:geckodriverVersion: 0.32.2, moz:headless: false, moz:platformVersion: 10.0, moz:processID: 28500, moz:profile: C:\Users\dell\AppData\Local..., moz:shutdownTimeout: 60000, moz:useNonSpecCompliantPointerOrigin: false, moz:webdriverClick: true, moz:windowless: false, pageLoadStrategy: normal, platform: WINDOWS, platformName: WINDOWS, proxy: Proxy(), setWindowRect: true, strictFileInteractability: false, timeouts: {implicit: 0, pageLoad: 300000, script: 30000}, unhandledPromptBehavior: dismiss and notify}
Session ID: ec1dd89d-c7af-4667-8fd5-d1fcf9cd13ca
	at org.openqa.selenium.remote.http.W3CHttpResponseCodec.createException(W3CHttpResponseCodec.java:187)
	at org.openqa.selenium.remote.http.W3CHttpResponseCodec.decode(W3CHttpResponseCodec.java:122)
	at org.openqa.selenium.remote.http.W3CHttpResponseCodec.decode(W3CHttpResponseCodec.java:49)
	at org.openqa.selenium.remote.HttpCommandExecutor.execute(HttpCommandExecutor.java:158)
	at org.openqa.selenium.remote.service.DriverCommandExecutor.execute(DriverCommandExecutor.java:83)
	at org.openqa.selenium.remote.RemoteWebDriver.execute(RemoteWebDriver.java:552)
	at org.openqa.selenium.remote.RemoteWebElement.execute(RemoteWebElement.java:285)
	at org.openqa.selenium.remote.RemoteWebElement.click(RemoteWebElement.java:84)
	at com.SauceDemo.Base.VerifyProductsAddToCartBackToProductBTN.addToCart(VerifyProductsAddToCartBackToProductBTN.java:18)
	at java.base/java.util.ArrayList.forEach(ArrayList.java:1511)
... Removed 28 stack frames</pre></div><a href='#' onClick='toggleBox("stack-trace177589009", this, "Click to show all stack frames", "Click to hide stack frames")'>Click to show all stack frames</a>
<div class='stack-trace' id='stack-trace177589009'><pre>org.openqa.selenium.ElementNotInteractableException: Element &lt;a id=&quot;item_0_title_link&quot; href=&quot;#&quot;&gt; could not be scrolled into view
Build info: version: &apos;3.141.59&apos;, revision: &apos;e82be7d358&apos;, time: &apos;2018-11-14T08:17:03&apos;
System info: host: &apos;DESKTOP-HO149AT&apos;, ip: &apos;192.168.1.5&apos;, os.name: &apos;Windows 11&apos;, os.arch: &apos;amd64&apos;, os.version: &apos;10.0&apos;, java.version: &apos;19&apos;
Driver info: org.openqa.selenium.firefox.FirefoxDriver
Capabilities {acceptInsecureCerts: true, browserName: firefox, browserVersion: 110.0.1, javascriptEnabled: true, moz:accessibilityChecks: false, moz:buildID: 20230227191043, moz:geckodriverVersion: 0.32.2, moz:headless: false, moz:platformVersion: 10.0, moz:processID: 28500, moz:profile: C:\Users\dell\AppData\Local..., moz:shutdownTimeout: 60000, moz:useNonSpecCompliantPointerOrigin: false, moz:webdriverClick: true, moz:windowless: false, pageLoadStrategy: normal, platform: WINDOWS, platformName: WINDOWS, proxy: Proxy(), setWindowRect: true, strictFileInteractability: false, timeouts: {implicit: 0, pageLoad: 300000, script: 30000}, unhandledPromptBehavior: dismiss and notify}
Session ID: ec1dd89d-c7af-4667-8fd5-d1fcf9cd13ca
	at java.base/jdk.internal.reflect.DirectConstructorHandleAccessor.newInstance(DirectConstructorHandleAccessor.java:67)
	at java.base/java.lang.reflect.Constructor.newInstanceWithCaller(Constructor.java:500)
	at java.base/java.lang.reflect.Constructor.newInstance(Constructor.java:484)
	at org.openqa.selenium.remote.http.W3CHttpResponseCodec.createException(W3CHttpResponseCodec.java:187)
	at org.openqa.selenium.remote.http.W3CHttpResponseCodec.decode(W3CHttpResponseCodec.java:122)
	at org.openqa.selenium.remote.http.W3CHttpResponseCodec.decode(W3CHttpResponseCodec.java:49)
	at org.openqa.selenium.remote.HttpCommandExecutor.execute(HttpCommandExecutor.java:158)
	at org.openqa.selenium.remote.service.DriverCommandExecutor.execute(DriverCommandExecutor.java:83)
	at org.openqa.selenium.remote.RemoteWebDriver.execute(RemoteWebDriver.java:552)
	at org.openqa.selenium.remote.RemoteWebElement.execute(RemoteWebElement.java:285)
	at org.openqa.selenium.remote.RemoteWebElement.click(RemoteWebElement.java:84)
	at com.SauceDemo.Base.VerifyProductsAddToCartBackToProductBTN.addToCart(VerifyProductsAddToCartBackToProductBTN.java:18)
	at java.base/jdk.internal.reflect.DirectMethodHandleAccessor.invoke(DirectMethodHandleAccessor.java:104)
	at java.base/java.lang.reflect.Method.invoke(Method.java:578)
	at org.testng.internal.MethodInvocationHelper.invokeMethod(MethodInvocationHelper.java:133)
	at org.testng.internal.TestInvoker.invokeMethod(TestInvoker.java:598)
	at org.testng.internal.TestInvoker.invokeTestMethod(TestInvoker.java:173)
	at org.testng.internal.MethodRunner.runInSequence(MethodRunner.java:46)
	at org.testng.internal.TestInvoker$MethodInvocationAgent.invoke(TestInvoker.java:824)
	at org.testng.internal.TestInvoker.invokeTestMethods(TestInvoker.java:146)
	at org.testng.internal.TestMethodWorker.invokeTestMethods(TestMethodWorker.java:146)
	at org.testng.internal.TestMethodWorker.run(TestMethodWorker.java:128)
	at java.base/java.util.ArrayList.forEach(ArrayList.java:1511)
	at org.testng.TestRunner.privateRun(TestRunner.java:794)
	at org.testng.TestRunner.run(TestRunner.java:596)
	at org.testng.SuiteRunner.runTest(SuiteRunner.java:377)
	at org.testng.SuiteRunner.runSequentially(SuiteRunner.java:371)
	at org.testng.SuiteRunner.privateRun(SuiteRunner.java:332)
	at org.testng.SuiteRunner.run(SuiteRunner.java:276)
	at org.testng.SuiteRunnerWorker.runSuite(SuiteRunnerWorker.java:53)
	at org.testng.SuiteRunnerWorker.run(SuiteRunnerWorker.java:96)
	at org.testng.TestNG.runSuitesSequentially(TestNG.java:1212)
	at org.testng.TestNG.runSuitesLocally(TestNG.java:1134)
	at org.testng.TestNG.runSuites(TestNG.java:1063)
	at org.testng.TestNG.run(TestNG.java:1031)
	at org.testng.remote.AbstractRemoteTestNG.run(AbstractRemoteTestNG.java:115)
	at org.testng.remote.RemoteTestNG.initAndRun(RemoteTestNG.java:251)
	at org.testng.remote.RemoteTestNG.main(RemoteTestNG.java:77)
</pre></div></td>
<td>0</td>
<td>com.SauceDemo.Base.VerifyProductsAddToCartBackToProductBTN@5ffead27</td></tr>
<tr>
<td title='com.SauceDemo.Base.VerifyYourCartProducts.yourCartProductsAvailable()'><b>yourCartProductsAvailable</b><br>Test class: com.SauceDemo.Base.VerifyYourCartProducts</td>
<td><div><pre>org.openqa.selenium.ElementNotInteractableException: Element &lt;a id=&quot;item_0_title_link&quot; href=&quot;#&quot;&gt; could not be scrolled into view
Build info: version: &apos;3.141.59&apos;, revision: &apos;e82be7d358&apos;, time: &apos;2018-11-14T08:17:03&apos;
System info: host: &apos;DESKTOP-HO149AT&apos;, ip: &apos;192.168.1.5&apos;, os.name: &apos;Windows 11&apos;, os.arch: &apos;amd64&apos;, os.version: &apos;10.0&apos;, java.version: &apos;19&apos;
Driver info: org.openqa.selenium.firefox.FirefoxDriver
Capabilities {acceptInsecureCerts: true, browserName: firefox, browserVersion: 110.0.1, javascriptEnabled: true, moz:accessibilityChecks: false, moz:buildID: 20230227191043, moz:geckodriverVersion: 0.32.2, moz:headless: false, moz:platformVersion: 10.0, moz:processID: 28156, moz:profile: C:\Users\dell\AppData\Local..., moz:shutdownTimeout: 60000, moz:useNonSpecCompliantPointerOrigin: false, moz:webdriverClick: true, moz:windowless: false, pageLoadStrategy: normal, platform: WINDOWS, platformName: WINDOWS, proxy: Proxy(), setWindowRect: true, strictFileInteractability: false, timeouts: {implicit: 0, pageLoad: 300000, script: 30000}, unhandledPromptBehavior: dismiss and notify}
Session ID: 4d45e085-574b-433a-94c4-1cdc430dc75b
	at org.openqa.selenium.remote.http.W3CHttpResponseCodec.createException(W3CHttpResponseCodec.java:187)
	at org.openqa.selenium.remote.http.W3CHttpResponseCodec.decode(W3CHttpResponseCodec.java:122)
	at org.openqa.selenium.remote.http.W3CHttpResponseCodec.decode(W3CHttpResponseCodec.java:49)
	at org.openqa.selenium.remote.HttpCommandExecutor.execute(HttpCommandExecutor.java:158)
	at org.openqa.selenium.remote.service.DriverCommandExecutor.execute(DriverCommandExecutor.java:83)
	at org.openqa.selenium.remote.RemoteWebDriver.execute(RemoteWebDriver.java:552)
	at org.openqa.selenium.remote.RemoteWebElement.execute(RemoteWebElement.java:285)
	at org.openqa.selenium.remote.RemoteWebElement.click(RemoteWebElement.java:84)
	at com.SauceDemo.Base.VerifyYourCartProducts.yourCartProductsAvailable(VerifyYourCartProducts.java:21)
	at java.base/java.util.ArrayList.forEach(ArrayList.java:1511)
... Removed 28 stack frames</pre></div><a href='#' onClick='toggleBox("stack-trace1982828534", this, "Click to show all stack frames", "Click to hide stack frames")'>Click to show all stack frames</a>
<div class='stack-trace' id='stack-trace1982828534'><pre>org.openqa.selenium.ElementNotInteractableException: Element &lt;a id=&quot;item_0_title_link&quot; href=&quot;#&quot;&gt; could not be scrolled into view
Build info: version: &apos;3.141.59&apos;, revision: &apos;e82be7d358&apos;, time: &apos;2018-11-14T08:17:03&apos;
System info: host: &apos;DESKTOP-HO149AT&apos;, ip: &apos;192.168.1.5&apos;, os.name: &apos;Windows 11&apos;, os.arch: &apos;amd64&apos;, os.version: &apos;10.0&apos;, java.version: &apos;19&apos;
Driver info: org.openqa.selenium.firefox.FirefoxDriver
Capabilities {acceptInsecureCerts: true, browserName: firefox, browserVersion: 110.0.1, javascriptEnabled: true, moz:accessibilityChecks: false, moz:buildID: 20230227191043, moz:geckodriverVersion: 0.32.2, moz:headless: false, moz:platformVersion: 10.0, moz:processID: 28156, moz:profile: C:\Users\dell\AppData\Local..., moz:shutdownTimeout: 60000, moz:useNonSpecCompliantPointerOrigin: false, moz:webdriverClick: true, moz:windowless: false, pageLoadStrategy: normal, platform: WINDOWS, platformName: WINDOWS, proxy: Proxy(), setWindowRect: true, strictFileInteractability: false, timeouts: {implicit: 0, pageLoad: 300000, script: 30000}, unhandledPromptBehavior: dismiss and notify}
Session ID: 4d45e085-574b-433a-94c4-1cdc430dc75b
	at java.base/jdk.internal.reflect.DirectConstructorHandleAccessor.newInstance(DirectConstructorHandleAccessor.java:67)
	at java.base/java.lang.reflect.Constructor.newInstanceWithCaller(Constructor.java:500)
	at java.base/java.lang.reflect.Constructor.newInstance(Constructor.java:484)
	at org.openqa.selenium.remote.http.W3CHttpResponseCodec.createException(W3CHttpResponseCodec.java:187)
	at org.openqa.selenium.remote.http.W3CHttpResponseCodec.decode(W3CHttpResponseCodec.java:122)
	at org.openqa.selenium.remote.http.W3CHttpResponseCodec.decode(W3CHttpResponseCodec.java:49)
	at org.openqa.selenium.remote.HttpCommandExecutor.execute(HttpCommandExecutor.java:158)
	at org.openqa.selenium.remote.service.DriverCommandExecutor.execute(DriverCommandExecutor.java:83)
	at org.openqa.selenium.remote.RemoteWebDriver.execute(RemoteWebDriver.java:552)
	at org.openqa.selenium.remote.RemoteWebElement.execute(RemoteWebElement.java:285)
	at org.openqa.selenium.remote.RemoteWebElement.click(RemoteWebElement.java:84)
	at com.SauceDemo.Base.VerifyYourCartProducts.yourCartProductsAvailable(VerifyYourCartProducts.java:21)
	at java.base/jdk.internal.reflect.DirectMethodHandleAccessor.invoke(DirectMethodHandleAccessor.java:104)
	at java.base/java.lang.reflect.Method.invoke(Method.java:578)
	at org.testng.internal.MethodInvocationHelper.invokeMethod(MethodInvocationHelper.java:133)
	at org.testng.internal.TestInvoker.invokeMethod(TestInvoker.java:598)
	at org.testng.internal.TestInvoker.invokeTestMethod(TestInvoker.java:173)
	at org.testng.internal.MethodRunner.runInSequence(MethodRunner.java:46)
	at org.testng.internal.TestInvoker$MethodInvocationAgent.invoke(TestInvoker.java:824)
	at org.testng.internal.TestInvoker.invokeTestMethods(TestInvoker.java:146)
	at org.testng.internal.TestMethodWorker.invokeTestMethods(TestMethodWorker.java:146)
	at org.testng.internal.TestMethodWorker.run(TestMethodWorker.java:128)
	at java.base/java.util.ArrayList.forEach(ArrayList.java:1511)
	at org.testng.TestRunner.privateRun(TestRunner.java:794)
	at org.testng.TestRunner.run(TestRunner.java:596)
	at org.testng.SuiteRunner.runTest(SuiteRunner.java:377)
	at org.testng.SuiteRunner.runSequentially(SuiteRunner.java:371)
	at org.testng.SuiteRunner.privateRun(SuiteRunner.java:332)
	at org.testng.SuiteRunner.run(SuiteRunner.java:276)
	at org.testng.SuiteRunnerWorker.runSuite(SuiteRunnerWorker.java:53)
	at org.testng.SuiteRunnerWorker.run(SuiteRunnerWorker.java:96)
	at org.testng.TestNG.runSuitesSequentially(TestNG.java:1212)
	at org.testng.TestNG.runSuitesLocally(TestNG.java:1134)
	at org.testng.TestNG.runSuites(TestNG.java:1063)
	at org.testng.TestNG.run(TestNG.java:1031)
	at org.testng.remote.AbstractRemoteTestNG.run(AbstractRemoteTestNG.java:115)
	at org.testng.remote.RemoteTestNG.initAndRun(RemoteTestNG.java:251)
	at org.testng.remote.RemoteTestNG.main(RemoteTestNG.java:77)
</pre></div></td>
<td>0</td>
<td>com.SauceDemo.Base.VerifyYourCartProducts@a514af7</td></tr>
</table><p>
<table width='100%' border='1' class='invocation-passed'>
<tr><td colspan='4' align='center'><b>PASSED TESTS</b></td></tr>
<tr><td><b>Test method</b></td>
<td width="30%"><b>Exception</b></td>
<td width="10%"><b>Time (seconds)</b></td>
<td><b>Instance</b></td>
</tr>
<tr>
<td title='com.SauceDemo.Base.VerifyHomePageTitle.verifyHomePageTitle()'><b>verifyHomePageTitle</b><br>Test class: com.SauceDemo.Base.VerifyHomePageTitle</td>
<td></td>
<td>0</td>
<td>com.SauceDemo.Base.VerifyHomePageTitle@44ebcd03</td></tr>
<tr>
<td title='com.SauceDemo.Base.VerifyHomePageProductsNameOfSD.productNameVerification()'><b>productNameVerification</b><br>Test class: com.SauceDemo.Base.VerifyHomePageProductsNameOfSD</td>
<td></td>
<td>0</td>
<td>com.SauceDemo.Base.VerifyHomePageProductsNameOfSD@2e005c4b</td></tr>
<tr>
<td title='com.SauceDemo.Base.VerifyAcceptedUsernamesTextOnLoginPage.VerifyLoginTextId()'><b>VerifyLoginTextId</b><br>Test class: com.SauceDemo.Base.VerifyAcceptedUsernamesTextOnLoginPage</td>
<td></td>
<td>0</td>
<td>com.SauceDemo.Base.VerifyAcceptedUsernamesTextOnLoginPage@661972b0</td></tr>
<tr>
<td title='com.SauceDemo.Base.VerifyProductSortContainerAndOptions.verifyProductSortContainer()'><b>verifyProductSortContainer</b><br>Test class: com.SauceDemo.Base.VerifyProductSortContainerAndOptions</td>
<td></td>
<td>0</td>
<td>com.SauceDemo.Base.VerifyProductSortContainerAndOptions@4f18837a</td></tr>
<tr>
<td title='com.SauceDemo.Base.VerifyProductSortContainerOptiosList1.VerifyOptionNameAtoZList()'><b>VerifyOptionNameAtoZList</b><br>Test class: com.SauceDemo.Base.VerifyProductSortContainerOptiosList1</td>
<td></td>
<td>0</td>
<td>com.SauceDemo.Base.VerifyProductSortContainerOptiosList1@359f7cdf</td></tr>
<tr>
<td title='com.SauceDemo.Base.VerifyCheckOutBtnCheckOutDataContinueBtnFinishBtnBackHomeBtn.continueBTN()'><b>continueBTN</b><br>Test class: com.SauceDemo.Base.VerifyCheckOutBtnCheckOutDataContinueBtnFinishBtnBackHomeBtn</td>
<td></td>
<td>1</td>
<td>com.SauceDemo.Base.VerifyCheckOutBtnCheckOutDataContinueBtnFinishBtnBackHomeBtn@6356695f</td></tr>
<tr>
<td title='com.SauceDemo.Base.VerifyCheckOutBtnCheckOutDataContinueBtnFinishBtnBackHomeBtn.checkOutBTN()'><b>checkOutBTN</b><br>Test class: com.SauceDemo.Base.VerifyCheckOutBtnCheckOutDataContinueBtnFinishBtnBackHomeBtn</td>
<td></td>
<td>0</td>
<td>com.SauceDemo.Base.VerifyCheckOutBtnCheckOutDataContinueBtnFinishBtnBackHomeBtn@6356695f</td></tr>
<tr>
<td title='com.SauceDemo.Base.VerifyCheckOutBtnCheckOutDataContinueBtnFinishBtnBackHomeBtn.checkOutData()'><b>checkOutData</b><br>Test class: com.SauceDemo.Base.VerifyCheckOutBtnCheckOutDataContinueBtnFinishBtnBackHomeBtn</td>
<td></td>
<td>1</td>
<td>com.SauceDemo.Base.VerifyCheckOutBtnCheckOutDataContinueBtnFinishBtnBackHomeBtn@6356695f</td></tr>
<tr>
<td title='com.SauceDemo.Base.VerifyHomePageProductsPriceOfSD.productPriceVerification()'><b>productPriceVerification</b><br>Test class: com.SauceDemo.Base.VerifyHomePageProductsPriceOfSD</td>
<td></td>
<td>0</td>
<td>com.SauceDemo.Base.VerifyHomePageProductsPriceOfSD@4567f35d</td></tr>
<tr>
<td title='com.SauceDemo.Base.VerifyCheckOutBtnCheckOutDataContinueBtnFinishBtnBackHomeBtn.backHomeBTN()'><b>backHomeBTN</b><br>Test class: com.SauceDemo.Base.VerifyCheckOutBtnCheckOutDataContinueBtnFinishBtnBackHomeBtn</td>
<td></td>
<td>1</td>
<td>com.SauceDemo.Base.VerifyCheckOutBtnCheckOutDataContinueBtnFinishBtnBackHomeBtn@6356695f</td></tr>
<tr>
<td title='com.SauceDemo.Base.VerifyProductSortContainerOptiosList4.VerifyOptionNameHighToLowList()'><b>VerifyOptionNameHighToLowList</b><br>Test class: com.SauceDemo.Base.VerifyProductSortContainerOptiosList4</td>
<td></td>
<td>0</td>
<td>com.SauceDemo.Base.VerifyProductSortContainerOptiosList4@4466af20</td></tr>
<tr>
<td title='com.SauceDemo.Base.VerifySettingBtnAndSettingOptionText.VerifySettingBtnAndSettingOptionText()'><b>VerifySettingBtnAndSettingOptionText</b><br>Test class: com.SauceDemo.Base.VerifySettingBtnAndSettingOptionText</td>
<td></td>
<td>0</td>
<td>com.SauceDemo.Base.VerifySettingBtnAndSettingOptionText@694abbdc</td></tr>
<tr>
<td title='com.SauceDemo.Base.VerifyLoginOfSDNegative.loginNegativeScenario()'><b>loginNegativeScenario</b><br>Test class: com.SauceDemo.Base.VerifyLoginOfSDNegative</td>
<td></td>
<td>1</td>
<td>com.SauceDemo.Base.VerifyLoginOfSDNegative@323b36e0</td></tr>
<tr>
<td title='com.SauceDemo.Base.VerifyLoginOfSDPositive.loginPositiveScenario()'><b>loginPositiveScenario</b><br>Test class: com.SauceDemo.Base.VerifyLoginOfSDPositive</td>
<td></td>
<td>1</td>
<td>com.SauceDemo.Base.VerifyLoginOfSDPositive@5af3afd9</td></tr>
<tr>
<td title='com.SauceDemo.Base.VerifyProductSortContainerOptiosList3.VerifyOptionNameLowToHighList()'><b>VerifyOptionNameLowToHighList</b><br>Test class: com.SauceDemo.Base.VerifyProductSortContainerOptiosList3</td>
<td></td>
<td>0</td>
<td>com.SauceDemo.Base.VerifyProductSortContainerOptiosList3@4f6ee6e4</td></tr>
<tr>
<td title='com.SauceDemo.Base.VerifyCheckOutBtnCheckOutDataContinueBtnFinishBtnBackHomeBtn.finishBTN()'><b>finishBTN</b><br>Test class: com.SauceDemo.Base.VerifyCheckOutBtnCheckOutDataContinueBtnFinishBtnBackHomeBtn</td>
<td></td>
<td>1</td>
<td>com.SauceDemo.Base.VerifyCheckOutBtnCheckOutDataContinueBtnFinishBtnBackHomeBtn@6356695f</td></tr>
<tr>
<td title='com.SauceDemo.Base.VerifyProductSortContainerOptiosList2.VerifyOptionNameZtoAList()'><b>VerifyOptionNameZtoAList</b><br>Test class: com.SauceDemo.Base.VerifyProductSortContainerOptiosList2</td>
<td></td>
<td>0</td>
<td>com.SauceDemo.Base.VerifyProductSortContainerOptiosList2@1fa268de</td></tr>
</table><p>
</body>
</html>