<?xml version="1.0" encoding="UTF-8"?>
<!-- Generated by org.testng.reporters.JUnitXMLReporter -->
<testsuite ignored="0" hostname="DESKTOP-HO149AT" failures="2" tests="19" name="FirefoxBrouser" time="176.351" errors="0" timestamp="2023-03-07T15:03:19 IST">
  <testcase classname="com.SauceDemo.Base.VerifyAcceptedUsernamesTextOnLoginPage" name="VerifyLoginTextId" time="0.203"/>
  <testcase classname="com.SauceDemo.Base.VerifyLoginOfSDPositive" name="loginPositiveScenario" time="1.381"/>
  <testcase classname="com.SauceDemo.Base.VerifyLoginOfSDNegative" name="loginNegativeScenario" time="1.028"/>
  <testcase classname="com.SauceDemo.Base.VerifyHomePageTitle" name="verifyHomePageTitle" time="0.047"/>
  <testcase classname="com.SauceDemo.Base.VerifySettingBtnAndSettingOptionText" name="VerifySettingBtnAndSettingOptionText" time="0.489"/>
  <testcase classname="com.SauceDemo.Base.VerifyHomePageProductsNameOfSD" name="productNameVerification" time="0.129"/>
  <testcase classname="com.SauceDemo.Base.VerifyHomePageProductsPriceOfSD" name="productPriceVerification" time="0.142"/>
  <testcase classname="com.SauceDemo.Base.VerifyProductsAddToCartBackToProductBTN" name="addToCart" time="0.1">
    <failure type="org.openqa.selenium.ElementNotInteractableException" message="Element &amp;lt;a id=&amp;quot;item_0_title_link&amp;quot; href=&amp;quot;#&amp;quot;&amp;gt; could not be scrolled into view
Build info: version: &amp;apos;3.141.59&amp;apos;, revision: &amp;apos;e82be7d358&amp;apos;, time: &amp;apos;2018-11-14T08:17:03&amp;apos;
System info: host: &amp;apos;DESKTOP-HO149AT&amp;apos;, ip: &amp;apos;192.168.1.5&amp;apos;, os.name: &amp;apos;Windows 11&amp;apos;, os.arch: &amp;apos;amd64&amp;apos;, os.version: &amp;apos;10.0&amp;apos;, java.version: &amp;apos;19&amp;apos;
Driver info: org.openqa.selenium.firefox.FirefoxDriver
Capabilities {acceptInsecureCerts: true, browserName: firefox, browserVersion: 110.0.1, javascriptEnabled: true, moz:accessibilityChecks: false, moz:buildID: 20230227191043, moz:geckodriverVersion: 0.32.2, moz:headless: false, moz:platformVersion: 10.0, moz:processID: 28500, moz:profile: C:\Users\dell\AppData\Local..., moz:shutdownTimeout: 60000, moz:useNonSpecCompliantPointerOrigin: false, moz:webdriverClick: true, moz:windowless: false, pageLoadStrategy: normal, platform: WINDOWS, platformName: WINDOWS, proxy: Proxy(), setWindowRect: true, strictFileInteractability: false, timeouts: {implicit: 0, pageLoad: 300000, script: 30000}, unhandledPromptBehavior: dismiss and notify}
Session ID: ec1dd89d-c7af-4667-8fd5-d1fcf9cd13ca">
      <![CDATA[org.openqa.selenium.ElementNotInteractableException: Element <a id="item_0_title_link" href="#"> could not be scrolled into view
Build info: version: '3.141.59', revision: 'e82be7d358', time: '2018-11-14T08:17:03'
System info: host: 'DESKTOP-HO149AT', ip: '192.168.1.5', os.name: 'Windows 11', os.arch: 'amd64', os.version: '10.0', java.version: '19'
Driver info: org.openqa.selenium.firefox.FirefoxDriver
Capabilities {acceptInsecureCerts: true, browserName: firefox, browserVersion: 110.0.1, javascriptEnabled: true, moz:accessibilityChecks: false, moz:buildID: 20230227191043, moz:geckodriverVersion: 0.32.2, moz:headless: false, moz:platformVersion: 10.0, moz:processID: 28500, moz:profile: C:\Users\dell\AppData\Local..., moz:shutdownTimeout: 60000, moz:useNonSpecCompliantPointerOrigin: false, moz:webdriverClick: true, moz:windowless: false, pageLoadStrategy: normal, platform: WINDOWS, platformName: WINDOWS, proxy: Proxy(), setWindowRect: true, strictFileInteractability: false, timeouts: {implicit: 0, pageLoad: 300000, script: 30000}, unhandledPromptBehavior: dismiss and notify}
Session ID: ec1dd89d-c7af-4667-8fd5-d1fcf9cd13ca
at org.openqa.selenium.remote.http.W3CHttpResponseCodec.createException(W3CHttpResponseCodec.java:187)
at org.openqa.selenium.remote.http.W3CHttpResponseCodec.decode(W3CHttpResponseCodec.java:122)
at org.openqa.selenium.remote.http.W3CHttpResponseCodec.decode(W3CHttpResponseCodec.java:49)
at org.openqa.selenium.remote.HttpCommandExecutor.execute(HttpCommandExecutor.java:158)
at org.openqa.selenium.remote.service.DriverCommandExecutor.execute(DriverCommandExecutor.java:83)
at org.openqa.selenium.remote.RemoteWebDriver.execute(RemoteWebDriver.java:552)
at org.openqa.selenium.remote.RemoteWebElement.execute(RemoteWebElement.java:285)
at org.openqa.selenium.remote.RemoteWebElement.click(RemoteWebElement.java:84)
at com.SauceDemo.Base.VerifyProductsAddToCartBackToProductBTN.addToCart(VerifyProductsAddToCartBackToProductBTN.java:18)
at java.base/java.util.ArrayList.forEach(ArrayList.java:1511)
... Removed 28 stack frames]]>
    </failure>
  </testcase> <!-- addToCart -->
  <testcase classname="com.SauceDemo.Base.VerifyCheckOutBtnCheckOutDataContinueBtnFinishBtnBackHomeBtn" name="checkOutBTN" time="0.579"/>
  <testcase classname="com.SauceDemo.Base.VerifyCheckOutBtnCheckOutDataContinueBtnFinishBtnBackHomeBtn" name="checkOutData" time="1.006"/>
  <testcase classname="com.SauceDemo.Base.VerifyCheckOutBtnCheckOutDataContinueBtnFinishBtnBackHomeBtn" name="continueBTN" time="1.319"/>
  <testcase classname="com.SauceDemo.Base.VerifyCheckOutBtnCheckOutDataContinueBtnFinishBtnBackHomeBtn" name="finishBTN" time="1.594"/>
  <testcase classname="com.SauceDemo.Base.VerifyCheckOutBtnCheckOutDataContinueBtnFinishBtnBackHomeBtn" name="backHomeBTN" time="1.709"/>
  <testcase classname="com.SauceDemo.Base.VerifyProductSortContainerAndOptions" name="verifyProductSortContainer" time="0.541"/>
  <testcase classname="com.SauceDemo.Base.VerifyProductSortContainerOptiosList1" name="VerifyOptionNameAtoZList" time="0.601"/>
  <testcase classname="com.SauceDemo.Base.VerifyProductSortContainerOptiosList2" name="VerifyOptionNameZtoAList" time="0.592"/>
  <testcase classname="com.SauceDemo.Base.VerifyProductSortContainerOptiosList3" name="VerifyOptionNameLowToHighList" time="0.604"/>
  <testcase classname="com.SauceDemo.Base.VerifyProductSortContainerOptiosList4" name="VerifyOptionNameHighToLowList" time="0.602"/>
  <testcase classname="com.SauceDemo.Base.VerifyYourCartProducts" name="yourCartProductsAvailable" time="0.022">
    <failure type="org.openqa.selenium.ElementNotInteractableException" message="Element &amp;lt;a id=&amp;quot;item_0_title_link&amp;quot; href=&amp;quot;#&amp;quot;&amp;gt; could not be scrolled into view
Build info: version: &amp;apos;3.141.59&amp;apos;, revision: &amp;apos;e82be7d358&amp;apos;, time: &amp;apos;2018-11-14T08:17:03&amp;apos;
System info: host: &amp;apos;DESKTOP-HO149AT&amp;apos;, ip: &amp;apos;192.168.1.5&amp;apos;, os.name: &amp;apos;Windows 11&amp;apos;, os.arch: &amp;apos;amd64&amp;apos;, os.version: &amp;apos;10.0&amp;apos;, java.version: &amp;apos;19&amp;apos;
Driver info: org.openqa.selenium.firefox.FirefoxDriver
Capabilities {acceptInsecureCerts: true, browserName: firefox, browserVersion: 110.0.1, javascriptEnabled: true, moz:accessibilityChecks: false, moz:buildID: 20230227191043, moz:geckodriverVersion: 0.32.2, moz:headless: false, moz:platformVersion: 10.0, moz:processID: 28156, moz:profile: C:\Users\dell\AppData\Local..., moz:shutdownTimeout: 60000, moz:useNonSpecCompliantPointerOrigin: false, moz:webdriverClick: true, moz:windowless: false, pageLoadStrategy: normal, platform: WINDOWS, platformName: WINDOWS, proxy: Proxy(), setWindowRect: true, strictFileInteractability: false, timeouts: {implicit: 0, pageLoad: 300000, script: 30000}, unhandledPromptBehavior: dismiss and notify}
Session ID: 4d45e085-574b-433a-94c4-1cdc430dc75b">
      <![CDATA[org.openqa.selenium.ElementNotInteractableException: Element <a id="item_0_title_link" href="#"> could not be scrolled into view
Build info: version: '3.141.59', revision: 'e82be7d358', time: '2018-11-14T08:17:03'
System info: host: 'DESKTOP-HO149AT', ip: '192.168.1.5', os.name: 'Windows 11', os.arch: 'amd64', os.version: '10.0', java.version: '19'
Driver info: org.openqa.selenium.firefox.FirefoxDriver
Capabilities {acceptInsecureCerts: true, browserName: firefox, browserVersion: 110.0.1, javascriptEnabled: true, moz:accessibilityChecks: false, moz:buildID: 20230227191043, moz:geckodriverVersion: 0.32.2, moz:headless: false, moz:platformVersion: 10.0, moz:processID: 28156, moz:profile: C:\Users\dell\AppData\Local..., moz:shutdownTimeout: 60000, moz:useNonSpecCompliantPointerOrigin: false, moz:webdriverClick: true, moz:windowless: false, pageLoadStrategy: normal, platform: WINDOWS, platformName: WINDOWS, proxy: Proxy(), setWindowRect: true, strictFileInteractability: false, timeouts: {implicit: 0, pageLoad: 300000, script: 30000}, unhandledPromptBehavior: dismiss and notify}
Session ID: 4d45e085-574b-433a-94c4-1cdc430dc75b
at org.openqa.selenium.remote.http.W3CHttpResponseCodec.createException(W3CHttpResponseCodec.java:187)
at org.openqa.selenium.remote.http.W3CHttpResponseCodec.decode(W3CHttpResponseCodec.java:122)
at org.openqa.selenium.remote.http.W3CHttpResponseCodec.decode(W3CHttpResponseCodec.java:49)
at org.openqa.selenium.remote.HttpCommandExecutor.execute(HttpCommandExecutor.java:158)
at org.openqa.selenium.remote.service.DriverCommandExecutor.execute(DriverCommandExecutor.java:83)
at org.openqa.selenium.remote.RemoteWebDriver.execute(RemoteWebDriver.java:552)
at org.openqa.selenium.remote.RemoteWebElement.execute(RemoteWebElement.java:285)
at org.openqa.selenium.remote.RemoteWebElement.click(RemoteWebElement.java:84)
at com.SauceDemo.Base.VerifyYourCartProducts.yourCartProductsAvailable(VerifyYourCartProducts.java:21)
at java.base/java.util.ArrayList.forEach(ArrayList.java:1511)
... Removed 28 stack frames]]>
    </failure>
  </testcase> <!-- yourCartProductsAvailable -->
</testsuite> <!-- FirefoxBrouser -->
